Using pre-set license
Built from '2020.3/staging' branch; Version is '2020.3.25f1 (9b9180224418) revision 10195328'; Using compiler version '192528614'; Build Type 'Release'
OS: 'Windows 10  (10.0.19043) 64bit Core' Language: 'en' Physical Memory: 16324 MB
BatchMode: 1, IsHumanControllingUs: 0, StartBugReporterOnCrash: 0, Is64bit: 1, IsPro: 0

COMMAND LINE ARGUMENTS:
C:\Program Files\Unity\Hub\Editor\2020.3.25f1\Editor\Unity.exe
-adb2
-batchMode
-noUpm
-name
AssetImportWorker0
-projectPath
C:/dev/Unity/Serious Games Project
-logFile
Logs/AssetImportWorker0.log
-srvPort
59773
Successfully changed project path to: C:/dev/Unity/Serious Games Project
C:/dev/Unity/Serious Games Project
Using Asset Import Pipeline V2.
Refreshing native plugins compatible for Editor in 39.63 ms, found 3 plugins.
Preloading 0 native plugins for Editor in 0.00 ms.
Initialize engine version: 2020.3.25f1 (9b9180224418)
[Subsystems] Discovering subsystems at path C:/Program Files/Unity/Hub/Editor/2020.3.25f1/Editor/Data/Resources/UnitySubsystems
[Subsystems] Discovering subsystems at path C:/dev/Unity/Serious Games Project/Assets
GfxDevice: creating device client; threaded=0
Direct3D:
    Version:  Direct3D 11.0 [level 11.1]
    Renderer: NVIDIA GeForce RTX 3070 (ID=0x2484)
    Vendor:   
    VRAM:     8043 MB
    Driver:   30.0.14.9709
Initialize mono
Mono path[0] = 'C:/Program Files/Unity/Hub/Editor/2020.3.25f1/Editor/Data/Managed'
Mono path[1] = 'C:/Program Files/Unity/Hub/Editor/2020.3.25f1/Editor/Data/MonoBleedingEdge/lib/mono/unityjit'
Mono config path = 'C:/Program Files/Unity/Hub/Editor/2020.3.25f1/Editor/Data/MonoBleedingEdge/etc'
Using monoOptions --debugger-agent=transport=dt_socket,embedding=1,server=y,suspend=n,address=127.0.0.1:56376
Begin MonoManager ReloadAssembly
Registering precompiled unity dll's ...
Register platform support module: C:/Program Files/Unity/Hub/Editor/2020.3.25f1/Editor/Data/PlaybackEngines/WindowsStandaloneSupport/UnityEditor.WindowsStandalone.Extensions.dll
Registered in 0.001418 seconds.
Native extension for WindowsStandalone target not found
Refreshing native plugins compatible for Editor in 36.74 ms, found 3 plugins.
Preloading 0 native plugins for Editor in 0.00 ms.
Mono: successfully reloaded assembly
- Completed reload, in  0.461 seconds
Domain Reload Profiling:
	ReloadAssembly (462ms)
		BeginReloadAssembly (42ms)
			ExecutionOrderSort (0ms)
			DisableScriptedObjects (0ms)
			BackupInstance (0ms)
			ReleaseScriptingObjects (0ms)
			CreateAndSetChildDomain (1ms)
		EndReloadAssembly (363ms)
			LoadAssemblies (40ms)
			RebuildTransferFunctionScriptingTraits (0ms)
			SetupTypeCache (117ms)
			ReleaseScriptCaches (0ms)
			RebuildScriptCaches (23ms)
			SetupLoadedEditorAssemblies (140ms)
				LogAssemblyErrors (0ms)
				InitializePlatformSupportModulesInManaged (3ms)
				SetLoadedEditorAssemblies (0ms)
				RefreshPlugins (37ms)
				BeforeProcessingInitializeOnLoad (11ms)
				ProcessInitializeOnLoadAttributes (66ms)
				ProcessInitializeOnLoadMethodAttributes (22ms)
				AfterProcessingInitializeOnLoad (0ms)
				EditorAssembliesLoaded (0ms)
			ExecutionOrderSort2 (0ms)
			AwakeInstancesAfterBackupRestoration (0ms)
Platform modules already initialized, skipping
Registering precompiled user dll's ...
Registered in 0.010425 seconds.
Begin MonoManager ReloadAssembly
Native extension for WindowsStandalone target not found
Refreshing native plugins compatible for Editor in 36.79 ms, found 3 plugins.
Preloading 0 native plugins for Editor in 0.00 ms.
Mono: successfully reloaded assembly
- Completed reload, in  1.087 seconds
Domain Reload Profiling:
	ReloadAssembly (1087ms)
		BeginReloadAssembly (110ms)
			ExecutionOrderSort (0ms)
			DisableScriptedObjects (4ms)
			BackupInstance (0ms)
			ReleaseScriptingObjects (0ms)
			CreateAndSetChildDomain (14ms)
		EndReloadAssembly (928ms)
			LoadAssemblies (81ms)
			RebuildTransferFunctionScriptingTraits (0ms)
			SetupTypeCache (373ms)
			ReleaseScriptCaches (0ms)
			RebuildScriptCaches (39ms)
			SetupLoadedEditorAssemblies (335ms)
				LogAssemblyErrors (0ms)
				InitializePlatformSupportModulesInManaged (3ms)
				SetLoadedEditorAssemblies (0ms)
				RefreshPlugins (37ms)
				BeforeProcessingInitializeOnLoad (75ms)
				ProcessInitializeOnLoadAttributes (202ms)
				ProcessInitializeOnLoadMethodAttributes (13ms)
				AfterProcessingInitializeOnLoad (5ms)
				EditorAssembliesLoaded (0ms)
			ExecutionOrderSort2 (0ms)
			AwakeInstancesAfterBackupRestoration (5ms)
Platform modules already initialized, skipping
========================================================================
Worker process is ready to serve import requests
Launched and connected shader compiler UnityShaderCompiler.exe after 0.06 seconds
Refreshing native plugins compatible for Editor in 0.51 ms, found 3 plugins.
Preloading 0 native plugins for Editor in 0.00 ms.
Unloading 2325 Unused Serialized files (Serialized files now loaded: 0)
System memory in use before: 102.0 MB.
System memory in use after: 102.2 MB.

Unloading 52 unused Assets to reduce memory usage. Loaded Objects now: 2739.
Total: 2.591500 ms (FindLiveObjects: 0.155200 ms CreateObjectMapping: 0.076200 ms MarkObjects: 2.309500 ms  DeleteObjects: 0.049900 ms)

AssetImportParameters requested are different than current active one (requested -> active):
  custom:framework-win-MediaFoundation: 216162199b28c13a410421893ffa2e32 -> 
  custom:video-decoder-ogg-theora: a1e56fd34408186e4bbccfd4996cb3dc -> 
  custom:container-muxer-webm: aa71ff27fc2769a1b78a27578f13a17b -> 
  custom:container-demuxer-webm: 4f35f7cbe854078d1ac9338744f61a02 -> 
  custom:container-demuxer-ogg: 62fdf1f143b41e24485cea50d1cbac27 -> 
  custom:video-encoder-webm-vp8: eb34c28f22e8b96e1ab97ce403110664 -> 
  custom:video-decoder-webm-vp8: 9c59270c3fd7afecdb556c50c9e8de78 -> 
  custom:audio-decoder-ogg-vorbis: bf7c407c2cedff20999df2af8eb42d56 -> 
  custom:audio-encoder-webm-vorbis: bf7c407c2cedff20999df2af8eb42d56 -> 
========================================================================
Received Import Request.
  path: Assets/ScriptableObjects/Objectives/Objective2.asset
  artifactKey: Guid(3d810821d4482ce4e8fe428b681fbd3d) Importer(815301076,1909f56bfc062723c751e8b465ee728b)
Start importing Assets/ScriptableObjects/Objectives/Objective2.asset using Guid(3d810821d4482ce4e8fe428b681fbd3d) Importer(815301076,1909f56bfc062723c751e8b465ee728b)  -> (artifact id: 'b539084241d5ab4cac5efd5980d2ea24') in 0.024789 seconds 
  Import took 0.027471 seconds .

========================================================================
Received Import Request.
  Time since last request: 32.387881 seconds.
  path: Assets/ScriptableObjects/Slides/ClassesSlide.asset
  artifactKey: Guid(e685cc86276e14446a5872b6e282b774) Importer(815301076,1909f56bfc062723c751e8b465ee728b)
Start importing Assets/ScriptableObjects/Slides/ClassesSlide.asset using Guid(e685cc86276e14446a5872b6e282b774) Importer(815301076,1909f56bfc062723c751e8b465ee728b)  -> (artifact id: '48620f714e97069e502fcb09dc962b27') in 0.007383 seconds 
  Import took 0.010129 seconds .

========================================================================
Received Import Request.
  Time since last request: 0.000206 seconds.
  path: Assets/ScriptableObjects/Slides/IOSlide.asset
  artifactKey: Guid(f0108a2dff2d27645a118b917b74fb7f) Importer(815301076,1909f56bfc062723c751e8b465ee728b)
Start importing Assets/ScriptableObjects/Slides/IOSlide.asset using Guid(f0108a2dff2d27645a118b917b74fb7f) Importer(815301076,1909f56bfc062723c751e8b465ee728b)  -> (artifact id: 'c4d59a3aac5774ec05372fd6246b9967') in 0.002767 seconds 
  Import took 0.006816 seconds .

========================================================================
Received Import Request.
  Time since last request: 0.000191 seconds.
  path: Assets/ScriptableObjects/Slides/EntryPointSlide.asset
  artifactKey: Guid(2796343b7df93f3459fcfa57c05a9c68) Importer(815301076,1909f56bfc062723c751e8b465ee728b)
Start importing Assets/ScriptableObjects/Slides/EntryPointSlide.asset using Guid(2796343b7df93f3459fcfa57c05a9c68) Importer(815301076,1909f56bfc062723c751e8b465ee728b)  -> (artifact id: '953f3e3d380e485265f776cdd428f452') in 0.005791 seconds 
  Import took 0.009180 seconds .

========================================================================
Received Import Request.
  Time since last request: 0.000218 seconds.
  path: Assets/ScriptableObjects/Slides/VariablesSlide.asset
  artifactKey: Guid(079d53942d4b7b14cb8c6c5e78d7bf2d) Importer(815301076,1909f56bfc062723c751e8b465ee728b)
Start importing Assets/ScriptableObjects/Slides/VariablesSlide.asset using Guid(079d53942d4b7b14cb8c6c5e78d7bf2d) Importer(815301076,1909f56bfc062723c751e8b465ee728b)  -> (artifact id: '5c5a693aab5e1f3fa0e45421f2e3c181') in 0.004959 seconds 
  Import took 0.007474 seconds .

========================================================================
Received Import Request.
  Time since last request: 0.000148 seconds.
  path: Assets/ScriptableObjects/Slides/FunctionsSlide.asset
  artifactKey: Guid(d0209148c8703314ab6533594fd91679) Importer(815301076,1909f56bfc062723c751e8b465ee728b)
Start importing Assets/ScriptableObjects/Slides/FunctionsSlide.asset using Guid(d0209148c8703314ab6533594fd91679) Importer(815301076,1909f56bfc062723c751e8b465ee728b)  -> (artifact id: '01c1ca05d18babea4902bc69fe0d11dd') in 0.002186 seconds 
  Import took 0.005775 seconds .

========================================================================
Received Import Request.
  Time since last request: 0.000163 seconds.
  path: Assets/ScriptableObjects/Slides/NamespacesSlide.asset
  artifactKey: Guid(5b1a4df2d8f45c14686abd484bcf4c60) Importer(815301076,1909f56bfc062723c751e8b465ee728b)
Start importing Assets/ScriptableObjects/Slides/NamespacesSlide.asset using Guid(5b1a4df2d8f45c14686abd484bcf4c60) Importer(815301076,1909f56bfc062723c751e8b465ee728b)  -> (artifact id: 'd5c8567d14b82664c7741a9e0cafa562') in 0.004964 seconds 
  Import took 0.007483 seconds .

========================================================================
Received Import Request.
  Time since last request: 0.000192 seconds.
  path: Assets/ScriptableObjects/Slides/UsingSlide.asset
  artifactKey: Guid(b94ce02deaf0fb44c97224752c5d7ade) Importer(815301076,1909f56bfc062723c751e8b465ee728b)
Start importing Assets/ScriptableObjects/Slides/UsingSlide.asset using Guid(b94ce02deaf0fb44c97224752c5d7ade) Importer(815301076,1909f56bfc062723c751e8b465ee728b)  -> (artifact id: 'e7f5606e486b0fe794af097ea3a4d65d') in 0.005227 seconds 
  Import took 0.008358 seconds .

========================================================================
Received Import Request.
  Time since last request: 21.477907 seconds.
  path: Assets/ScriptableObjects/Slides/test.asset
  artifactKey: Guid(a3ffe7df67fca0a469149d6ed1a5adf4) Importer(815301076,1909f56bfc062723c751e8b465ee728b)
Start importing Assets/ScriptableObjects/Slides/test.asset using Guid(a3ffe7df67fca0a469149d6ed1a5adf4) Importer(815301076,1909f56bfc062723c751e8b465ee728b)  -> (artifact id: '3e3ddc6efabd1ea512f15f4c4864946a') in 0.005179 seconds 
  Import took 0.008717 seconds .

AssetImportWorkerClient::OnTransportError - code=2 error=End of file
