Using pre-set license
Built from '2020.3/staging' branch; Version is '2020.3.25f1 (9b9180224418) revision 10195328'; Using compiler version '192528614'; Build Type 'Release'
OS: 'Windows 11  (10.0.22000) 64bit Core' Language: 'en' Physical Memory: 16191 MB
BatchMode: 1, IsHumanControllingUs: 0, StartBugReporterOnCrash: 0, Is64bit: 1, IsPro: 0

COMMAND LINE ARGUMENTS:
C:\Program Files\Unity\Hub\Editor\2020.3.25f1\Editor\Unity.exe
-adb2
-batchMode
-noUpm
-name
AssetImportWorker0
-projectPath
D:/Documents/GitHub/Serious-Games-Project
-logFile
Logs/AssetImportWorker0.log
-srvPort
60017
Successfully changed project path to: D:/Documents/GitHub/Serious-Games-Project
D:/Documents/GitHub/Serious-Games-Project
Using Asset Import Pipeline V2.
Refreshing native plugins compatible for Editor in 50.75 ms, found 3 plugins.
Preloading 0 native plugins for Editor in 0.00 ms.
Initialize engine version: 2020.3.25f1 (9b9180224418)
[Subsystems] Discovering subsystems at path C:/Program Files/Unity/Hub/Editor/2020.3.25f1/Editor/Data/Resources/UnitySubsystems
[Subsystems] Discovering subsystems at path D:/Documents/GitHub/Serious-Games-Project/Assets
GfxDevice: creating device client; threaded=0
Direct3D:
    Version:  Direct3D 11.0 [level 11.1]
    Renderer: NVIDIA GeForce GTX 1650 (ID=0x1f91)
    Vendor:   
    VRAM:     3962 MB
    Driver:   30.0.14.9729
Initialize mono
Mono path[0] = 'C:/Program Files/Unity/Hub/Editor/2020.3.25f1/Editor/Data/Managed'
Mono path[1] = 'C:/Program Files/Unity/Hub/Editor/2020.3.25f1/Editor/Data/MonoBleedingEdge/lib/mono/unityjit'
Mono config path = 'C:/Program Files/Unity/Hub/Editor/2020.3.25f1/Editor/Data/MonoBleedingEdge/etc'
Using monoOptions --debugger-agent=transport=dt_socket,embedding=1,server=y,suspend=n,address=127.0.0.1:56060
Begin MonoManager ReloadAssembly
Registering precompiled unity dll's ...
Register platform support module: C:/Program Files/Unity/Hub/Editor/2020.3.25f1/Editor/Data/PlaybackEngines/WindowsStandaloneSupport/UnityEditor.WindowsStandalone.Extensions.dll
Registered in 0.001317 seconds.
Native extension for WindowsStandalone target not found
Refreshing native plugins compatible for Editor in 64.62 ms, found 3 plugins.
Preloading 0 native plugins for Editor in 0.00 ms.
Mono: successfully reloaded assembly
- Completed reload, in  0.827 seconds
Domain Reload Profiling:
	ReloadAssembly (827ms)
		BeginReloadAssembly (55ms)
			ExecutionOrderSort (0ms)
			DisableScriptedObjects (0ms)
			BackupInstance (0ms)
			ReleaseScriptingObjects (0ms)
			CreateAndSetChildDomain (1ms)
		EndReloadAssembly (689ms)
			LoadAssemblies (53ms)
			RebuildTransferFunctionScriptingTraits (0ms)
			SetupTypeCache (180ms)
			ReleaseScriptCaches (0ms)
			RebuildScriptCaches (34ms)
			SetupLoadedEditorAssemblies (364ms)
				LogAssemblyErrors (0ms)
				InitializePlatformSupportModulesInManaged (4ms)
				SetLoadedEditorAssemblies (0ms)
				RefreshPlugins (65ms)
				BeforeProcessingInitializeOnLoad (116ms)
				ProcessInitializeOnLoadAttributes (139ms)
				ProcessInitializeOnLoadMethodAttributes (39ms)
				AfterProcessingInitializeOnLoad (0ms)
				EditorAssembliesLoaded (0ms)
			ExecutionOrderSort2 (0ms)
			AwakeInstancesAfterBackupRestoration (0ms)
Platform modules already initialized, skipping
Registering precompiled user dll's ...
Registered in 0.009364 seconds.
Begin MonoManager ReloadAssembly
Native extension for WindowsStandalone target not found
Refreshing native plugins compatible for Editor in 50.85 ms, found 3 plugins.
Preloading 0 native plugins for Editor in 0.00 ms.
Mono: successfully reloaded assembly
- Completed reload, in  1.438 seconds
Domain Reload Profiling:
	ReloadAssembly (1439ms)
		BeginReloadAssembly (163ms)
			ExecutionOrderSort (0ms)
			DisableScriptedObjects (7ms)
			BackupInstance (0ms)
			ReleaseScriptingObjects (0ms)
			CreateAndSetChildDomain (21ms)
		EndReloadAssembly (1215ms)
			LoadAssemblies (99ms)
			RebuildTransferFunctionScriptingTraits (0ms)
			SetupTypeCache (516ms)
			ReleaseScriptCaches (0ms)
			RebuildScriptCaches (50ms)
			SetupLoadedEditorAssemblies (414ms)
				LogAssemblyErrors (0ms)
				InitializePlatformSupportModulesInManaged (3ms)
				SetLoadedEditorAssemblies (0ms)
				RefreshPlugins (51ms)
				BeforeProcessingInitializeOnLoad (80ms)
				ProcessInitializeOnLoadAttributes (259ms)
				ProcessInitializeOnLoadMethodAttributes (17ms)
				AfterProcessingInitializeOnLoad (5ms)
				EditorAssembliesLoaded (0ms)
			ExecutionOrderSort2 (0ms)
			AwakeInstancesAfterBackupRestoration (7ms)
Platform modules already initialized, skipping
========================================================================
Worker process is ready to serve import requests
Launched and connected shader compiler UnityShaderCompiler.exe after 0.09 seconds
Refreshing native plugins compatible for Editor in 1.08 ms, found 3 plugins.
Preloading 0 native plugins for Editor in 0.00 ms.
Unloading 2329 Unused Serialized files (Serialized files now loaded: 0)
System memory in use before: 102.1 MB.
System memory in use after: 102.3 MB.

Unloading 52 unused Assets to reduce memory usage. Loaded Objects now: 2743.
Total: 3.447400 ms (FindLiveObjects: 0.200000 ms CreateObjectMapping: 0.113600 ms MarkObjects: 3.062300 ms  DeleteObjects: 0.070500 ms)

AssetImportParameters requested are different than current active one (requested -> active):
  custom:framework-win-MediaFoundation: 216162199b28c13a410421893ffa2e32 -> 
  custom:video-decoder-ogg-theora: a1e56fd34408186e4bbccfd4996cb3dc -> 
  custom:container-muxer-webm: aa71ff27fc2769a1b78a27578f13a17b -> 
  custom:container-demuxer-webm: 4f35f7cbe854078d1ac9338744f61a02 -> 
  custom:container-demuxer-ogg: 62fdf1f143b41e24485cea50d1cbac27 -> 
  custom:video-encoder-webm-vp8: eb34c28f22e8b96e1ab97ce403110664 -> 
  custom:video-codec-MediaFoundation-h265: 746d11721c4dcdbdad8f713fa42b33f4 -> 
  custom:video-decoder-webm-vp8: 9c59270c3fd7afecdb556c50c9e8de78 -> 
  custom:audio-decoder-ogg-vorbis: bf7c407c2cedff20999df2af8eb42d56 -> 
  custom:audio-encoder-webm-vorbis: bf7c407c2cedff20999df2af8eb42d56 -> 
========================================================================
Received Import Request.
  path: Assets/ScriptableObjects 1
  artifactKey: Guid(ab12669364730bc46adebaaaab1cc70f) Importer(815301076,1909f56bfc062723c751e8b465ee728b)
Start importing Assets/ScriptableObjects 1 using Guid(ab12669364730bc46adebaaaab1cc70f) Importer(815301076,1909f56bfc062723c751e8b465ee728b)  -> (artifact id: '01b54d685f45c7c1f73398de9bdeded1') in 0.010023 seconds 
  Import took 0.030217 seconds .

========================================================================
Received Import Request.
  Time since last request: 64.795462 seconds.
  path: Assets/ScriptableObjects/Slides/ArithmeticOperatorsSlide.asset
  artifactKey: Guid(6fa513169f74cc944a4b7504cef97fa0) Importer(815301076,1909f56bfc062723c751e8b465ee728b)
Start importing Assets/ScriptableObjects/Slides/ArithmeticOperatorsSlide.asset using Guid(6fa513169f74cc944a4b7504cef97fa0) Importer(815301076,1909f56bfc062723c751e8b465ee728b)  -> (artifact id: 'e49a52f17a044c56de5181e83e4c6f2a') in 0.048821 seconds 
  Import took 0.053022 seconds .

========================================================================
Received Import Request.
  Time since last request: 0.000241 seconds.
  path: Assets/ScriptableObjects/Slides/IdentifierConventionSlide.asset
  artifactKey: Guid(2cb570f0119358449823ce0f51849b79) Importer(815301076,1909f56bfc062723c751e8b465ee728b)
Start importing Assets/ScriptableObjects/Slides/IdentifierConventionSlide.asset using Guid(2cb570f0119358449823ce0f51849b79) Importer(815301076,1909f56bfc062723c751e8b465ee728b)  -> (artifact id: '1fb08e0ba4bdd590daa2e56c51adc351') in 0.009989 seconds 
  Import took 0.044855 seconds .

========================================================================
Received Import Request.
  Time since last request: 0.000201 seconds.
  path: Assets/ScriptableObjects/Slides/ElseStatmentSlide.asset
  artifactKey: Guid(756f03f57af72e840ba2b6db757dc3a4) Importer(815301076,1909f56bfc062723c751e8b465ee728b)
Start importing Assets/ScriptableObjects/Slides/ElseStatmentSlide.asset using Guid(756f03f57af72e840ba2b6db757dc3a4) Importer(815301076,1909f56bfc062723c751e8b465ee728b)  -> (artifact id: '6a33b77fab608261d3c718307432f239') in 0.011456 seconds 
  Import took 0.014941 seconds .

========================================================================
Received Import Request.
  Time since last request: 0.000246 seconds.
  path: Assets/ScriptableObjects/Slides/IfStatmentSlide.asset
  artifactKey: Guid(edc2e3ae469806c40bd920022d9e393d) Importer(815301076,1909f56bfc062723c751e8b465ee728b)
Start importing Assets/ScriptableObjects/Slides/IfStatmentSlide.asset using Guid(edc2e3ae469806c40bd920022d9e393d) Importer(815301076,1909f56bfc062723c751e8b465ee728b)  -> (artifact id: '189e4c4b586d94bd7d45f8f9286c1908') in 0.012913 seconds 
  Import took 0.017805 seconds .

========================================================================
Received Import Request.
  Time since last request: 0.000238 seconds.
  path: Assets/ScriptableObjects/Slides/ForLoopSlide.asset
  artifactKey: Guid(ff3e517e8d012d943b63936de9486dd8) Importer(815301076,1909f56bfc062723c751e8b465ee728b)
Start importing Assets/ScriptableObjects/Slides/ForLoopSlide.asset using Guid(ff3e517e8d012d943b63936de9486dd8) Importer(815301076,1909f56bfc062723c751e8b465ee728b)  -> (artifact id: 'd0a50a01348692d637193dbfe916df67') in 0.012789 seconds 
  Import took 0.017205 seconds .

========================================================================
Received Import Request.
  Time since last request: 0.000211 seconds.
  path: Assets/ScriptableObjects/Slides/WhileLoopSlide.asset
  artifactKey: Guid(e6f4471519e03d94b9606ae006e859b6) Importer(815301076,1909f56bfc062723c751e8b465ee728b)
Start importing Assets/ScriptableObjects/Slides/WhileLoopSlide.asset using Guid(e6f4471519e03d94b9606ae006e859b6) Importer(815301076,1909f56bfc062723c751e8b465ee728b)  -> (artifact id: '4e81aa9eeb4afffb08652a546cc0fb1c') in 0.012174 seconds 
  Import took 0.019104 seconds .

========================================================================
Received Import Request.
  Time since last request: 0.000180 seconds.
  path: Assets/ScriptableObjects/Slides/ComparitiveOperatorSlide.asset
  artifactKey: Guid(ca51950f7aea83140bd540fae13032cf) Importer(815301076,1909f56bfc062723c751e8b465ee728b)
Start importing Assets/ScriptableObjects/Slides/ComparitiveOperatorSlide.asset using Guid(ca51950f7aea83140bd540fae13032cf) Importer(815301076,1909f56bfc062723c751e8b465ee728b)  -> (artifact id: '5f17f10232be4c7fe228a5a58a339aba') in 0.010243 seconds 
  Import took 0.013790 seconds .

========================================================================
Received Import Request.
  Time since last request: 0.000242 seconds.
  path: Assets/ScriptableObjects/Slides/MathsSlide.asset
  artifactKey: Guid(e4236d1c563697940a747458a643821b) Importer(815301076,1909f56bfc062723c751e8b465ee728b)
Start importing Assets/ScriptableObjects/Slides/MathsSlide.asset using Guid(e4236d1c563697940a747458a643821b) Importer(815301076,1909f56bfc062723c751e8b465ee728b)  -> (artifact id: '7d508231dea99b0f53709b727fbe7f42') in 0.009447 seconds 
  Import took 0.013859 seconds .

========================================================================
Received Import Request.
  Time since last request: 11.557033 seconds.
  path: Assets/ScriptableObjects/Objectives/Objective1.asset
  artifactKey: Guid(1e50e6634a5c44c4eaae95226c0e2892) Importer(815301076,1909f56bfc062723c751e8b465ee728b)
Start importing Assets/ScriptableObjects/Objectives/Objective1.asset using Guid(1e50e6634a5c44c4eaae95226c0e2892) Importer(815301076,1909f56bfc062723c751e8b465ee728b)  -> (artifact id: 'c324ce42cbac61a8ee2921f2386cf48c') in 0.019906 seconds 
  Import took 0.023915 seconds .

========================================================================
Received Import Request.
  Time since last request: 0.000243 seconds.
  path: Assets/ScriptableObjects/Objectives/Objective2.asset
  artifactKey: Guid(3d810821d4482ce4e8fe428b681fbd3d) Importer(815301076,1909f56bfc062723c751e8b465ee728b)
Start importing Assets/ScriptableObjects/Objectives/Objective2.asset using Guid(3d810821d4482ce4e8fe428b681fbd3d) Importer(815301076,1909f56bfc062723c751e8b465ee728b)  -> (artifact id: 'd81e25eecfa548a523c50a8f9eb7f642') in 0.010817 seconds 
  Import took 0.015700 seconds .

========================================================================
Received Import Request.
  Time since last request: 0.000221 seconds.
  path: Assets/ScriptableObjects/Objectives/Objective5.asset
  artifactKey: Guid(65150fae49ad20340bb3022c53e4e392) Importer(815301076,1909f56bfc062723c751e8b465ee728b)
Start importing Assets/ScriptableObjects/Objectives/Objective5.asset using Guid(65150fae49ad20340bb3022c53e4e392) Importer(815301076,1909f56bfc062723c751e8b465ee728b)  -> (artifact id: '8d97b6527ead8908f9ba22be2ee4ee43') in 0.009351 seconds 
  Import took 0.013932 seconds .

========================================================================
Received Import Request.
  Time since last request: 0.000200 seconds.
  path: Assets/ScriptableObjects/Objectives/Objective3.asset
  artifactKey: Guid(ff04d5737c9502c4693a3c9ec9153ecd) Importer(815301076,1909f56bfc062723c751e8b465ee728b)
Start importing Assets/ScriptableObjects/Objectives/Objective3.asset using Guid(ff04d5737c9502c4693a3c9ec9153ecd) Importer(815301076,1909f56bfc062723c751e8b465ee728b)  -> (artifact id: '960ef3a7688f06445267794a2c4f3295') in 0.010893 seconds 
  Import took 0.054110 seconds .

========================================================================
Received Import Request.
  Time since last request: 0.000252 seconds.
  path: Assets/ScriptableObjects/Objectives/Objective4.asset
  artifactKey: Guid(3d0d6ef78f3935544b857a257e277a08) Importer(815301076,1909f56bfc062723c751e8b465ee728b)
Start importing Assets/ScriptableObjects/Objectives/Objective4.asset using Guid(3d0d6ef78f3935544b857a257e277a08) Importer(815301076,1909f56bfc062723c751e8b465ee728b)  -> (artifact id: 'd4a5289b970606bc039ce1e3ff637d06') in 0.009124 seconds 
  Import took 0.026178 seconds .

========================================================================
Received Import Request.
  Time since last request: 3286.559306 seconds.
  path: Assets/ScriptableObjects/Objectives/Objective4.asset
  artifactKey: Guid(3d0d6ef78f3935544b857a257e277a08) Importer(815301076,1909f56bfc062723c751e8b465ee728b)
Start importing Assets/ScriptableObjects/Objectives/Objective4.asset using Guid(3d0d6ef78f3935544b857a257e277a08) Importer(815301076,1909f56bfc062723c751e8b465ee728b)  -> (artifact id: 'f96c265c4b5c1730d59f5685df94a811') in 0.008625 seconds 
  Import took 0.021015 seconds .

========================================================================
Received Import Request.
  Time since last request: 8.200173 seconds.
  path: Assets/Scenes/Level1.unity
  artifactKey: Guid(2cda990e2423bbf4892e6590ba056729) Importer(815301076,1909f56bfc062723c751e8b465ee728b)
Start importing Assets/Scenes/Level1.unity using Guid(2cda990e2423bbf4892e6590ba056729) Importer(815301076,1909f56bfc062723c751e8b465ee728b)  -> (artifact id: '1bf935b79ddadb1a1f77a64fdb121b0c') in 0.008100 seconds 
  Import took 0.043447 seconds .

========================================================================
Received Import Request.
  Time since last request: 2.710432 seconds.
  path: Assets/Scenes/Level1.unity
  artifactKey: Guid(2cda990e2423bbf4892e6590ba056729) Importer(815301076,1909f56bfc062723c751e8b465ee728b)
Start importing Assets/Scenes/Level1.unity using Guid(2cda990e2423bbf4892e6590ba056729) Importer(815301076,1909f56bfc062723c751e8b465ee728b)  -> (artifact id: '6f07f13e23cc6ff0058c38ccc6306b33') in 0.002787 seconds 
  Import took 0.008045 seconds .

========================================================================
Received Prepare
Registering precompiled user dll's ...
Registered in 0.012580 seconds.
Begin MonoManager ReloadAssembly
Native extension for WindowsStandalone target not found
Refreshing native plugins compatible for Editor in 0.80 ms, found 3 plugins.
Preloading 0 native plugins for Editor in 0.00 ms.
Mono: successfully reloaded assembly
- Completed reload, in  2.572 seconds
Domain Reload Profiling:
	ReloadAssembly (2574ms)
		BeginReloadAssembly (304ms)
			ExecutionOrderSort (0ms)
			DisableScriptedObjects (13ms)
			BackupInstance (0ms)
			ReleaseScriptingObjects (0ms)
			CreateAndSetChildDomain (181ms)
		EndReloadAssembly (2176ms)
			LoadAssemblies (195ms)
			RebuildTransferFunctionScriptingTraits (0ms)
			SetupTypeCache (714ms)
			ReleaseScriptCaches (2ms)
			RebuildScriptCaches (154ms)
			SetupLoadedEditorAssemblies (782ms)
				LogAssemblyErrors (0ms)
				InitializePlatformSupportModulesInManaged (7ms)
				SetLoadedEditorAssemblies (1ms)
				RefreshPlugins (1ms)
				BeforeProcessingInitializeOnLoad (181ms)
				ProcessInitializeOnLoadAttributes (415ms)
				ProcessInitializeOnLoadMethodAttributes (129ms)
				AfterProcessingInitializeOnLoad (48ms)
				EditorAssembliesLoaded (0ms)
			ExecutionOrderSort2 (0ms)
			AwakeInstancesAfterBackupRestoration (35ms)
Platform modules already initialized, skipping
Refreshing native plugins compatible for Editor in 0.85 ms, found 3 plugins.
Preloading 0 native plugins for Editor in 0.00 ms.
Unloading 2304 Unused Serialized files (Serialized files now loaded: 0)
System memory in use before: 100.2 MB.
System memory in use after: 100.4 MB.

Unloading 41 unused Assets to reduce memory usage. Loaded Objects now: 2745.
Total: 4.287200 ms (FindLiveObjects: 0.230300 ms CreateObjectMapping: 0.135100 ms MarkObjects: 3.870000 ms  DeleteObjects: 0.050200 ms)

AssetImportParameters requested are different than current active one (requested -> active):
  custom:framework-win-MediaFoundation: 216162199b28c13a410421893ffa2e32 -> 
  custom:video-decoder-ogg-theora: a1e56fd34408186e4bbccfd4996cb3dc -> 
  custom:container-muxer-webm: aa71ff27fc2769a1b78a27578f13a17b -> 
  custom:container-demuxer-webm: 4f35f7cbe854078d1ac9338744f61a02 -> 
  custom:container-demuxer-ogg: 62fdf1f143b41e24485cea50d1cbac27 -> 
  custom:video-encoder-webm-vp8: eb34c28f22e8b96e1ab97ce403110664 -> 
  custom:video-codec-MediaFoundation-h265: 746d11721c4dcdbdad8f713fa42b33f4 -> 
  custom:video-decoder-webm-vp8: 9c59270c3fd7afecdb556c50c9e8de78 -> 
  custom:audio-decoder-ogg-vorbis: bf7c407c2cedff20999df2af8eb42d56 -> 
  custom:audio-encoder-webm-vorbis: bf7c407c2cedff20999df2af8eb42d56 -> 
========================================================================
Received Prepare
Refreshing native plugins compatible for Editor in 6.96 ms, found 3 plugins.
Preloading 0 native plugins for Editor in 0.00 ms.
Unloading 39 Unused Serialized files (Serialized files now loaded: 0)
System memory in use before: 55.5 MB.
System memory in use after: 55.7 MB.

Unloading 39 unused Assets to reduce memory usage. Loaded Objects now: 2745.
Total: 3.611600 ms (FindLiveObjects: 0.426400 ms CreateObjectMapping: 0.226400 ms MarkObjects: 2.919700 ms  DeleteObjects: 0.038300 ms)

AssetImportParameters requested are different than current active one (requested -> active):
  custom:framework-win-MediaFoundation: 216162199b28c13a410421893ffa2e32 -> 
  custom:video-decoder-ogg-theora: a1e56fd34408186e4bbccfd4996cb3dc -> 
  custom:container-muxer-webm: aa71ff27fc2769a1b78a27578f13a17b -> 
  custom:container-demuxer-webm: 4f35f7cbe854078d1ac9338744f61a02 -> 
  custom:container-demuxer-ogg: 62fdf1f143b41e24485cea50d1cbac27 -> 
  custom:video-encoder-webm-vp8: eb34c28f22e8b96e1ab97ce403110664 -> 
  custom:video-codec-MediaFoundation-h265: 746d11721c4dcdbdad8f713fa42b33f4 -> 
  custom:video-decoder-webm-vp8: 9c59270c3fd7afecdb556c50c9e8de78 -> 
  custom:audio-decoder-ogg-vorbis: bf7c407c2cedff20999df2af8eb42d56 -> 
  custom:audio-encoder-webm-vorbis: bf7c407c2cedff20999df2af8eb42d56 -> 
========================================================================
Received Import Request.
  Time since last request: 363.875843 seconds.
  path: Assets/Scripts
  artifactKey: Guid(7079f965305a11a44991e465c6a6698f) Importer(815301076,1909f56bfc062723c751e8b465ee728b)
Start importing Assets/Scripts using Guid(7079f965305a11a44991e465c6a6698f) Importer(815301076,1909f56bfc062723c751e8b465ee728b)  -> (artifact id: 'acbcdfec6b6677a6f3f05965a7522117') in 0.011626 seconds 
  Import took 0.051269 seconds .

========================================================================
Received Import Request.
  Time since last request: 4.311956 seconds.
  path: Assets/Scripts/ScriptableObjectScripts
  artifactKey: Guid(2eafa87fda79f204f9389a023061d6a7) Importer(815301076,1909f56bfc062723c751e8b465ee728b)
Start importing Assets/Scripts/ScriptableObjectScripts using Guid(2eafa87fda79f204f9389a023061d6a7) Importer(815301076,1909f56bfc062723c751e8b465ee728b)  -> (artifact id: '7cdc437a4df77ab6e9da06177f148bea') in 0.008799 seconds 
  Import took 0.042464 seconds .

========================================================================
Received Import Request.
  Time since last request: 0.819641 seconds.
  path: Assets/Scripts/GameManagerScripts
  artifactKey: Guid(a757c458067ee6448bae32468dea3420) Importer(815301076,1909f56bfc062723c751e8b465ee728b)
Start importing Assets/Scripts/GameManagerScripts using Guid(a757c458067ee6448bae32468dea3420) Importer(815301076,1909f56bfc062723c751e8b465ee728b)  -> (artifact id: '2f9033fc5d582bc66ef49e7b562d2cef') in 0.007766 seconds 
  Import took 0.032606 seconds .

========================================================================
Received Import Request.
  Time since last request: 10.673897 seconds.
  path: Assets/Scripts/GameManagerScripts/SlideManagerScript.cs
  artifactKey: Guid(e1317acb1b4ee534da0adcbf8ae56cae) Importer(815301076,1909f56bfc062723c751e8b465ee728b)
Start importing Assets/Scripts/GameManagerScripts/SlideManagerScript.cs using Guid(e1317acb1b4ee534da0adcbf8ae56cae) Importer(815301076,1909f56bfc062723c751e8b465ee728b)  -> (artifact id: '65b079cbfc0f5198ca1e4f5f0d8548c2') in 0.020188 seconds 
  Import took 0.056693 seconds .

========================================================================
Received Import Request.
  Time since last request: 116.009593 seconds.
  path: Assets/Scripts/GameManagerScripts/SlideManagerScript.cs
  artifactKey: Guid(e1317acb1b4ee534da0adcbf8ae56cae) Importer(815301076,1909f56bfc062723c751e8b465ee728b)
Start importing Assets/Scripts/GameManagerScripts/SlideManagerScript.cs using Guid(e1317acb1b4ee534da0adcbf8ae56cae) Importer(815301076,1909f56bfc062723c751e8b465ee728b)  -> (artifact id: 'dfaac2ef5eb8325c030ffb89cebbf329') in 0.012972 seconds 
  Import took 0.020942 seconds .

========================================================================
Received Prepare
Registering precompiled user dll's ...
Registered in 0.011641 seconds.
Begin MonoManager ReloadAssembly
Native extension for WindowsStandalone target not found
Refreshing native plugins compatible for Editor in 0.83 ms, found 3 plugins.
Preloading 0 native plugins for Editor in 0.00 ms.
Mono: successfully reloaded assembly
- Completed reload, in  1.497 seconds
Domain Reload Profiling:
	ReloadAssembly (1497ms)
		BeginReloadAssembly (159ms)
			ExecutionOrderSort (0ms)
			DisableScriptedObjects (9ms)
			BackupInstance (0ms)
			ReleaseScriptingObjects (0ms)
			CreateAndSetChildDomain (70ms)
		EndReloadAssembly (1242ms)
			LoadAssemblies (126ms)
			RebuildTransferFunctionScriptingTraits (0ms)
			SetupTypeCache (538ms)
			ReleaseScriptCaches (1ms)
			RebuildScriptCaches (56ms)
			SetupLoadedEditorAssemblies (405ms)
				LogAssemblyErrors (0ms)
				InitializePlatformSupportModulesInManaged (5ms)
				SetLoadedEditorAssemblies (1ms)
				RefreshPlugins (1ms)
				BeforeProcessingInitializeOnLoad (104ms)
				ProcessInitializeOnLoadAttributes (277ms)
				ProcessInitializeOnLoadMethodAttributes (12ms)
				AfterProcessingInitializeOnLoad (5ms)
				EditorAssembliesLoaded (0ms)
			ExecutionOrderSort2 (0ms)
			AwakeInstancesAfterBackupRestoration (10ms)
Platform modules already initialized, skipping
Refreshing native plugins compatible for Editor in 0.58 ms, found 3 plugins.
Preloading 0 native plugins for Editor in 0.00 ms.
Unloading 2304 Unused Serialized files (Serialized files now loaded: 0)
System memory in use before: 100.3 MB.
System memory in use after: 100.5 MB.

Unloading 41 unused Assets to reduce memory usage. Loaded Objects now: 2747.
Total: 3.916100 ms (FindLiveObjects: 0.200700 ms CreateObjectMapping: 0.114500 ms MarkObjects: 3.567700 ms  DeleteObjects: 0.032100 ms)

AssetImportParameters requested are different than current active one (requested -> active):
  custom:framework-win-MediaFoundation: 216162199b28c13a410421893ffa2e32 -> 
  custom:video-decoder-ogg-theora: a1e56fd34408186e4bbccfd4996cb3dc -> 
  custom:container-muxer-webm: aa71ff27fc2769a1b78a27578f13a17b -> 
  custom:container-demuxer-webm: 4f35f7cbe854078d1ac9338744f61a02 -> 
  custom:container-demuxer-ogg: 62fdf1f143b41e24485cea50d1cbac27 -> 
  custom:video-encoder-webm-vp8: eb34c28f22e8b96e1ab97ce403110664 -> 
  custom:video-codec-MediaFoundation-h265: 746d11721c4dcdbdad8f713fa42b33f4 -> 
  custom:video-decoder-webm-vp8: 9c59270c3fd7afecdb556c50c9e8de78 -> 
  custom:audio-decoder-ogg-vorbis: bf7c407c2cedff20999df2af8eb42d56 -> 
  custom:audio-encoder-webm-vorbis: bf7c407c2cedff20999df2af8eb42d56 -> 
========================================================================
Received Prepare
Refreshing native plugins compatible for Editor in 6.95 ms, found 3 plugins.
Preloading 0 native plugins for Editor in 0.00 ms.
Unloading 39 Unused Serialized files (Serialized files now loaded: 0)
System memory in use before: 55.6 MB.
System memory in use after: 55.8 MB.

Unloading 39 unused Assets to reduce memory usage. Loaded Objects now: 2747.
Total: 4.404900 ms (FindLiveObjects: 0.200900 ms CreateObjectMapping: 0.185000 ms MarkObjects: 3.989200 ms  DeleteObjects: 0.028900 ms)

AssetImportParameters requested are different than current active one (requested -> active):
  custom:framework-win-MediaFoundation: 216162199b28c13a410421893ffa2e32 -> 
  custom:video-decoder-ogg-theora: a1e56fd34408186e4bbccfd4996cb3dc -> 
  custom:container-muxer-webm: aa71ff27fc2769a1b78a27578f13a17b -> 
  custom:container-demuxer-webm: 4f35f7cbe854078d1ac9338744f61a02 -> 
  custom:container-demuxer-ogg: 62fdf1f143b41e24485cea50d1cbac27 -> 
  custom:video-encoder-webm-vp8: eb34c28f22e8b96e1ab97ce403110664 -> 
  custom:video-codec-MediaFoundation-h265: 746d11721c4dcdbdad8f713fa42b33f4 -> 
  custom:video-decoder-webm-vp8: 9c59270c3fd7afecdb556c50c9e8de78 -> 
  custom:audio-decoder-ogg-vorbis: bf7c407c2cedff20999df2af8eb42d56 -> 
  custom:audio-encoder-webm-vorbis: bf7c407c2cedff20999df2af8eb42d56 -> 
========================================================================
Received Import Request.
  Time since last request: 601.811463 seconds.
  path: Assets/ScriptableObjects/Slides/ArithmeticOperatorsSlide.asset
  artifactKey: Guid(6fa513169f74cc944a4b7504cef97fa0) Importer(815301076,1909f56bfc062723c751e8b465ee728b)
Start importing Assets/ScriptableObjects/Slides/ArithmeticOperatorsSlide.asset using Guid(6fa513169f74cc944a4b7504cef97fa0) Importer(815301076,1909f56bfc062723c751e8b465ee728b)  -> (artifact id: 'ff3d51c3abd582a42116be8d812d43af') in 0.028840 seconds 
  Import took 0.077821 seconds .

========================================================================
Received Import Request.
  Time since last request: 0.000308 seconds.
  path: Assets/ScriptableObjects/Slides/IOSlide.asset
  artifactKey: Guid(f0108a2dff2d27645a118b917b74fb7f) Importer(815301076,1909f56bfc062723c751e8b465ee728b)
Start importing Assets/ScriptableObjects/Slides/IOSlide.asset using Guid(f0108a2dff2d27645a118b917b74fb7f) Importer(815301076,1909f56bfc062723c751e8b465ee728b)  -> (artifact id: '1145d2c49410f1214943f03eb07dc846') in 0.010081 seconds 
  Import took 0.025497 seconds .

========================================================================
Received Import Request.
  Time since last request: 0.000343 seconds.
  path: Assets/ScriptableObjects/Slides/ElseStatmentSlide.asset
  artifactKey: Guid(756f03f57af72e840ba2b6db757dc3a4) Importer(815301076,1909f56bfc062723c751e8b465ee728b)
Start importing Assets/ScriptableObjects/Slides/ElseStatmentSlide.asset using Guid(756f03f57af72e840ba2b6db757dc3a4) Importer(815301076,1909f56bfc062723c751e8b465ee728b)  -> (artifact id: '9b91dfc147ab79b0013e3f9ebef72a80') in 0.011615 seconds 
  Import took 0.030187 seconds .

========================================================================
Received Import Request.
  Time since last request: 0.000438 seconds.
  path: Assets/ScriptableObjects/Slides/IfStatmentSlide.asset
  artifactKey: Guid(edc2e3ae469806c40bd920022d9e393d) Importer(815301076,1909f56bfc062723c751e8b465ee728b)
Start importing Assets/ScriptableObjects/Slides/IfStatmentSlide.asset using Guid(edc2e3ae469806c40bd920022d9e393d) Importer(815301076,1909f56bfc062723c751e8b465ee728b)  -> (artifact id: '8cbca9a6a3efb729cf5668bb2fddeda4') in 0.011454 seconds 
  Import took 0.030251 seconds .

========================================================================
Received Import Request.
  Time since last request: 0.000322 seconds.
  path: Assets/ScriptableObjects/Slides/ForLoopSlide.asset
  artifactKey: Guid(ff3e517e8d012d943b63936de9486dd8) Importer(815301076,1909f56bfc062723c751e8b465ee728b)
Start importing Assets/ScriptableObjects/Slides/ForLoopSlide.asset using Guid(ff3e517e8d012d943b63936de9486dd8) Importer(815301076,1909f56bfc062723c751e8b465ee728b)  -> (artifact id: '0df3dd34cf193f7d013f36a43ae53587') in 0.014512 seconds 
  Import took 0.018952 seconds .

========================================================================
Received Import Request.
  Time since last request: 0.000340 seconds.
  path: Assets/ScriptableObjects/Slides/WhileLoopSlide.asset
  artifactKey: Guid(e6f4471519e03d94b9606ae006e859b6) Importer(815301076,1909f56bfc062723c751e8b465ee728b)
Start importing Assets/ScriptableObjects/Slides/WhileLoopSlide.asset using Guid(e6f4471519e03d94b9606ae006e859b6) Importer(815301076,1909f56bfc062723c751e8b465ee728b)  -> (artifact id: 'dd35dfc906afc9198508815e28deab13') in 0.003497 seconds 
  Import took 0.009011 seconds .

========================================================================
Received Import Request.
  Time since last request: 0.000298 seconds.
  path: Assets/ScriptableObjects/Slides/MathsSlide.asset
  artifactKey: Guid(e4236d1c563697940a747458a643821b) Importer(815301076,1909f56bfc062723c751e8b465ee728b)
Start importing Assets/ScriptableObjects/Slides/MathsSlide.asset using Guid(e4236d1c563697940a747458a643821b) Importer(815301076,1909f56bfc062723c751e8b465ee728b)  -> (artifact id: '2cbb031acb16e243e8c8dc486f529f69') in 0.010413 seconds 
  Import took 0.015331 seconds .

========================================================================
Received Import Request.
  Time since last request: 190.327525 seconds.
  path: Assets/Scripts/ScriptableObjectScripts/ObjectiveData.cs
  artifactKey: Guid(638248c7ccf9ee04f84013a84a63d13e) Importer(815301076,1909f56bfc062723c751e8b465ee728b)
Start importing Assets/Scripts/ScriptableObjectScripts/ObjectiveData.cs using Guid(638248c7ccf9ee04f84013a84a63d13e) Importer(815301076,1909f56bfc062723c751e8b465ee728b)  -> (artifact id: '0d9103b428ed9e2c7cd305fcc21ffeb5') in 0.010285 seconds 
  Import took 0.015479 seconds .

========================================================================
Received Import Request.
  Time since last request: 83.620931 seconds.
  path: Assets/Scripts/ScriptableObjectScripts/ObjectiveData.cs
  artifactKey: Guid(638248c7ccf9ee04f84013a84a63d13e) Importer(815301076,1909f56bfc062723c751e8b465ee728b)
Start importing Assets/Scripts/ScriptableObjectScripts/ObjectiveData.cs using Guid(638248c7ccf9ee04f84013a84a63d13e) Importer(815301076,1909f56bfc062723c751e8b465ee728b)  -> (artifact id: '680151a83116ee1414bb455cd996362e') in 0.003915 seconds 
  Import took 0.062795 seconds .

========================================================================
Received Prepare
Registering precompiled user dll's ...
Registered in 0.010332 seconds.
Begin MonoManager ReloadAssembly
Native extension for WindowsStandalone target not found
Refreshing native plugins compatible for Editor in 0.57 ms, found 3 plugins.
Preloading 0 native plugins for Editor in 0.00 ms.
Mono: successfully reloaded assembly
- Completed reload, in  1.577 seconds
Domain Reload Profiling:
	ReloadAssembly (1578ms)
		BeginReloadAssembly (171ms)
			ExecutionOrderSort (0ms)
			DisableScriptedObjects (8ms)
			BackupInstance (0ms)
			ReleaseScriptingObjects (0ms)
			CreateAndSetChildDomain (70ms)
		EndReloadAssembly (1288ms)
			LoadAssemblies (143ms)
			RebuildTransferFunctionScriptingTraits (0ms)
			SetupTypeCache (504ms)
			ReleaseScriptCaches (2ms)
			RebuildScriptCaches (66ms)
			SetupLoadedEditorAssemblies (442ms)
				LogAssemblyErrors (0ms)
				InitializePlatformSupportModulesInManaged (4ms)
				SetLoadedEditorAssemblies (0ms)
				RefreshPlugins (1ms)
				BeforeProcessingInitializeOnLoad (95ms)
				ProcessInitializeOnLoadAttributes (314ms)
				ProcessInitializeOnLoadMethodAttributes (19ms)
				AfterProcessingInitializeOnLoad (8ms)
				EditorAssembliesLoaded (0ms)
			ExecutionOrderSort2 (0ms)
			AwakeInstancesAfterBackupRestoration (19ms)
Platform modules already initialized, skipping
Refreshing native plugins compatible for Editor in 1.05 ms, found 3 plugins.
Preloading 0 native plugins for Editor in 0.00 ms.
Unloading 2304 Unused Serialized files (Serialized files now loaded: 0)
System memory in use before: 100.3 MB.
System memory in use after: 100.5 MB.

Unloading 41 unused Assets to reduce memory usage. Loaded Objects now: 2749.
Total: 3.262000 ms (FindLiveObjects: 0.229800 ms CreateObjectMapping: 0.116500 ms MarkObjects: 2.884500 ms  DeleteObjects: 0.029900 ms)

AssetImportParameters requested are different than current active one (requested -> active):
  custom:framework-win-MediaFoundation: 216162199b28c13a410421893ffa2e32 -> 
  custom:video-decoder-ogg-theora: a1e56fd34408186e4bbccfd4996cb3dc -> 
  custom:container-muxer-webm: aa71ff27fc2769a1b78a27578f13a17b -> 
  custom:container-demuxer-webm: 4f35f7cbe854078d1ac9338744f61a02 -> 
  custom:container-demuxer-ogg: 62fdf1f143b41e24485cea50d1cbac27 -> 
  custom:video-encoder-webm-vp8: eb34c28f22e8b96e1ab97ce403110664 -> 
  custom:video-codec-MediaFoundation-h265: 746d11721c4dcdbdad8f713fa42b33f4 -> 
  custom:video-decoder-webm-vp8: 9c59270c3fd7afecdb556c50c9e8de78 -> 
  custom:audio-decoder-ogg-vorbis: bf7c407c2cedff20999df2af8eb42d56 -> 
  custom:audio-encoder-webm-vorbis: bf7c407c2cedff20999df2af8eb42d56 -> 
========================================================================
Received Prepare
Refreshing native plugins compatible for Editor in 6.18 ms, found 3 plugins.
Preloading 0 native plugins for Editor in 0.00 ms.
Unloading 39 Unused Serialized files (Serialized files now loaded: 0)
System memory in use before: 55.6 MB.
System memory in use after: 55.8 MB.

Unloading 39 unused Assets to reduce memory usage. Loaded Objects now: 2749.
Total: 3.848200 ms (FindLiveObjects: 0.243700 ms CreateObjectMapping: 0.140600 ms MarkObjects: 3.414100 ms  DeleteObjects: 0.048800 ms)

AssetImportParameters requested are different than current active one (requested -> active):
  custom:framework-win-MediaFoundation: 216162199b28c13a410421893ffa2e32 -> 
  custom:video-decoder-ogg-theora: a1e56fd34408186e4bbccfd4996cb3dc -> 
  custom:container-muxer-webm: aa71ff27fc2769a1b78a27578f13a17b -> 
  custom:container-demuxer-webm: 4f35f7cbe854078d1ac9338744f61a02 -> 
  custom:container-demuxer-ogg: 62fdf1f143b41e24485cea50d1cbac27 -> 
  custom:video-encoder-webm-vp8: eb34c28f22e8b96e1ab97ce403110664 -> 
  custom:video-codec-MediaFoundation-h265: 746d11721c4dcdbdad8f713fa42b33f4 -> 
  custom:video-decoder-webm-vp8: 9c59270c3fd7afecdb556c50c9e8de78 -> 
  custom:audio-decoder-ogg-vorbis: bf7c407c2cedff20999df2af8eb42d56 -> 
  custom:audio-encoder-webm-vorbis: bf7c407c2cedff20999df2af8eb42d56 -> 
========================================================================
Received Import Request.
  Time since last request: 266.339555 seconds.
  path: Assets/ScriptableObjects/Slides/ElseStatmentSlide.asset
  artifactKey: Guid(756f03f57af72e840ba2b6db757dc3a4) Importer(815301076,1909f56bfc062723c751e8b465ee728b)
Start importing Assets/ScriptableObjects/Slides/ElseStatmentSlide.asset using Guid(756f03f57af72e840ba2b6db757dc3a4) Importer(815301076,1909f56bfc062723c751e8b465ee728b)  -> (artifact id: 'bc175b2dbc2a063f976e95dca7842397') in 0.015690 seconds 
  Import took 0.055144 seconds .

========================================================================
Received Import Request.
  Time since last request: 0.000205 seconds.
  path: Assets/ScriptableObjects/Slides/IfStatmentSlide.asset
  artifactKey: Guid(edc2e3ae469806c40bd920022d9e393d) Importer(815301076,1909f56bfc062723c751e8b465ee728b)
Start importing Assets/ScriptableObjects/Slides/IfStatmentSlide.asset using Guid(edc2e3ae469806c40bd920022d9e393d) Importer(815301076,1909f56bfc062723c751e8b465ee728b)  -> (artifact id: 'ca9d672cf20418169dec035643ad3e36') in 0.004258 seconds 
  Import took 0.008525 seconds .

========================================================================
Received Import Request.
  Time since last request: 0.000348 seconds.
  path: Assets/ScriptableObjects/Slides/WhileLoopSlide.asset
  artifactKey: Guid(e6f4471519e03d94b9606ae006e859b6) Importer(815301076,1909f56bfc062723c751e8b465ee728b)
Start importing Assets/ScriptableObjects/Slides/WhileLoopSlide.asset using Guid(e6f4471519e03d94b9606ae006e859b6) Importer(815301076,1909f56bfc062723c751e8b465ee728b)  -> (artifact id: '224a6392cf1f44f112119f1e7300e6ba') in 0.003633 seconds 
  Import took 0.019325 seconds .

========================================================================
Received Import Request.
  Time since last request: 1.826692 seconds.
  path: Assets/ScriptableObjects/Objectives/Objective5.asset
  artifactKey: Guid(65150fae49ad20340bb3022c53e4e392) Importer(815301076,1909f56bfc062723c751e8b465ee728b)
Start importing Assets/ScriptableObjects/Objectives/Objective5.asset using Guid(65150fae49ad20340bb3022c53e4e392) Importer(815301076,1909f56bfc062723c751e8b465ee728b)  -> (artifact id: '4eb384a74a1778af510b6802d7a54192') in 0.010340 seconds 
  Import took 0.014157 seconds .

========================================================================
Received Import Request.
  Time since last request: 317.317935 seconds.
  path: Assets/ScriptableObjects/Slides/ElseStatmentSlide.asset
  artifactKey: Guid(756f03f57af72e840ba2b6db757dc3a4) Importer(815301076,1909f56bfc062723c751e8b465ee728b)
Start importing Assets/ScriptableObjects/Slides/ElseStatmentSlide.asset using Guid(756f03f57af72e840ba2b6db757dc3a4) Importer(815301076,1909f56bfc062723c751e8b465ee728b)  -> (artifact id: 'a758ba895a818c0c1b1c9af8057d3770') in 0.004239 seconds 
  Import took 0.009016 seconds .

========================================================================
Received Import Request.
  Time since last request: 0.000239 seconds.
  path: Assets/ScriptableObjects/Slides/ForLoopSlide.asset
  artifactKey: Guid(ff3e517e8d012d943b63936de9486dd8) Importer(815301076,1909f56bfc062723c751e8b465ee728b)
Start importing Assets/ScriptableObjects/Slides/ForLoopSlide.asset using Guid(ff3e517e8d012d943b63936de9486dd8) Importer(815301076,1909f56bfc062723c751e8b465ee728b)  -> (artifact id: '86458232782c0cf49e4f892363b6e149') in 0.003910 seconds 
  Import took 0.010444 seconds .

========================================================================
Received Import Request.
  Time since last request: 0.000228 seconds.
  path: Assets/ScriptableObjects/Slides/WhileLoopSlide.asset
  artifactKey: Guid(e6f4471519e03d94b9606ae006e859b6) Importer(815301076,1909f56bfc062723c751e8b465ee728b)
Start importing Assets/ScriptableObjects/Slides/WhileLoopSlide.asset using Guid(e6f4471519e03d94b9606ae006e859b6) Importer(815301076,1909f56bfc062723c751e8b465ee728b)  -> (artifact id: '771fc170dd1f9191fd510b1fe1c5fa36') in 0.003719 seconds 
  Import took 0.009591 seconds .

========================================================================
Received Prepare
Refreshing native plugins compatible for Editor in 8.01 ms, found 3 plugins.
Preloading 0 native plugins for Editor in 0.00 ms.
Unloading 39 Unused Serialized files (Serialized files now loaded: 0)
System memory in use before: 55.6 MB.
System memory in use after: 55.8 MB.

Unloading 39 unused Assets to reduce memory usage. Loaded Objects now: 2749.
Total: 4.640800 ms (FindLiveObjects: 0.192000 ms CreateObjectMapping: 0.131700 ms MarkObjects: 4.293500 ms  DeleteObjects: 0.022500 ms)

AssetImportParameters requested are different than current active one (requested -> active):
  custom:framework-win-MediaFoundation: 216162199b28c13a410421893ffa2e32 -> 
  custom:video-decoder-ogg-theora: a1e56fd34408186e4bbccfd4996cb3dc -> 
  custom:container-muxer-webm: aa71ff27fc2769a1b78a27578f13a17b -> 
  custom:container-demuxer-webm: 4f35f7cbe854078d1ac9338744f61a02 -> 
  custom:container-demuxer-ogg: 62fdf1f143b41e24485cea50d1cbac27 -> 
  custom:video-encoder-webm-vp8: eb34c28f22e8b96e1ab97ce403110664 -> 
  custom:video-codec-MediaFoundation-h265: 746d11721c4dcdbdad8f713fa42b33f4 -> 
  custom:video-decoder-webm-vp8: 9c59270c3fd7afecdb556c50c9e8de78 -> 
  custom:audio-decoder-ogg-vorbis: bf7c407c2cedff20999df2af8eb42d56 -> 
  custom:audio-encoder-webm-vorbis: bf7c407c2cedff20999df2af8eb42d56 -> 
========================================================================
Received Import Request.
  Time since last request: 391.648109 seconds.
  path: Assets/ScriptableObjects/Objectives/Objective5.asset
  artifactKey: Guid(65150fae49ad20340bb3022c53e4e392) Importer(815301076,1909f56bfc062723c751e8b465ee728b)
Start importing Assets/ScriptableObjects/Objectives/Objective5.asset using Guid(65150fae49ad20340bb3022c53e4e392) Importer(815301076,1909f56bfc062723c751e8b465ee728b)  -> (artifact id: '660310e8efab46da0fa863c8743130a0') in 0.008592 seconds 
  Import took 0.019135 seconds .

========================================================================
Received Import Request.
  Time since last request: 92.909055 seconds.
  path: Assets/Scripts/GameManagerScripts/GameManagerScript.cs
  artifactKey: Guid(324ce5d019cb019489d5fc7eb9dab46b) Importer(815301076,1909f56bfc062723c751e8b465ee728b)
Start importing Assets/Scripts/GameManagerScripts/GameManagerScript.cs using Guid(324ce5d019cb019489d5fc7eb9dab46b) Importer(815301076,1909f56bfc062723c751e8b465ee728b)  -> (artifact id: '76e98d1e6823728fa0c61df8eed91704') in 0.010195 seconds 
  Import took 0.016949 seconds .

========================================================================
Received Import Request.
  Time since last request: 25.945265 seconds.
  path: Assets/Scripts/GameManagerScripts/CompilerScript.cs
  artifactKey: Guid(a98c032733d9617478563cfa75783c43) Importer(815301076,1909f56bfc062723c751e8b465ee728b)
Start importing Assets/Scripts/GameManagerScripts/CompilerScript.cs using Guid(a98c032733d9617478563cfa75783c43) Importer(815301076,1909f56bfc062723c751e8b465ee728b)  -> (artifact id: 'b0a4a4d007d6fdd5601ce7871d7b6ee7') in 0.012614 seconds 
  Import took 0.055193 seconds .

========================================================================
Received Import Request.
  Time since last request: 431.359365 seconds.
  path: Assets/ScriptableObjects/Objectives/Objective5.asset
  artifactKey: Guid(65150fae49ad20340bb3022c53e4e392) Importer(815301076,1909f56bfc062723c751e8b465ee728b)
Start importing Assets/ScriptableObjects/Objectives/Objective5.asset using Guid(65150fae49ad20340bb3022c53e4e392) Importer(815301076,1909f56bfc062723c751e8b465ee728b)  -> (artifact id: 'a92a8d8d700777dfa510d743999b4240') in 0.004879 seconds 
  Import took 0.023096 seconds .

========================================================================
Received Prepare
Refreshing native plugins compatible for Editor in 7.91 ms, found 3 plugins.
Preloading 0 native plugins for Editor in 0.00 ms.
Unloading 39 Unused Serialized files (Serialized files now loaded: 0)
System memory in use before: 55.6 MB.
System memory in use after: 55.8 MB.

Unloading 39 unused Assets to reduce memory usage. Loaded Objects now: 2749.
Total: 7.130300 ms (FindLiveObjects: 0.338100 ms CreateObjectMapping: 0.175300 ms MarkObjects: 6.570200 ms  DeleteObjects: 0.045000 ms)

AssetImportParameters requested are different than current active one (requested -> active):
  custom:framework-win-MediaFoundation: 216162199b28c13a410421893ffa2e32 -> 
  custom:video-decoder-ogg-theora: a1e56fd34408186e4bbccfd4996cb3dc -> 
  custom:container-muxer-webm: aa71ff27fc2769a1b78a27578f13a17b -> 
  custom:container-demuxer-webm: 4f35f7cbe854078d1ac9338744f61a02 -> 
  custom:container-demuxer-ogg: 62fdf1f143b41e24485cea50d1cbac27 -> 
  custom:video-encoder-webm-vp8: eb34c28f22e8b96e1ab97ce403110664 -> 
  custom:video-codec-MediaFoundation-h265: 746d11721c4dcdbdad8f713fa42b33f4 -> 
  custom:video-decoder-webm-vp8: 9c59270c3fd7afecdb556c50c9e8de78 -> 
  custom:audio-decoder-ogg-vorbis: bf7c407c2cedff20999df2af8eb42d56 -> 
  custom:audio-encoder-webm-vorbis: bf7c407c2cedff20999df2af8eb42d56 -> 
========================================================================
Received Prepare
Refreshing native plugins compatible for Editor in 6.91 ms, found 3 plugins.
Preloading 0 native plugins for Editor in 0.00 ms.
Unloading 39 Unused Serialized files (Serialized files now loaded: 0)
System memory in use before: 55.6 MB.
System memory in use after: 55.8 MB.

Unloading 39 unused Assets to reduce memory usage. Loaded Objects now: 2749.
Total: 4.265700 ms (FindLiveObjects: 0.209700 ms CreateObjectMapping: 0.113500 ms MarkObjects: 3.899700 ms  DeleteObjects: 0.041700 ms)

AssetImportParameters requested are different than current active one (requested -> active):
  custom:framework-win-MediaFoundation: 216162199b28c13a410421893ffa2e32 -> 
  custom:video-decoder-ogg-theora: a1e56fd34408186e4bbccfd4996cb3dc -> 
  custom:container-muxer-webm: aa71ff27fc2769a1b78a27578f13a17b -> 
  custom:container-demuxer-webm: 4f35f7cbe854078d1ac9338744f61a02 -> 
  custom:container-demuxer-ogg: 62fdf1f143b41e24485cea50d1cbac27 -> 
  custom:video-encoder-webm-vp8: eb34c28f22e8b96e1ab97ce403110664 -> 
  custom:video-codec-MediaFoundation-h265: 746d11721c4dcdbdad8f713fa42b33f4 -> 
  custom:video-decoder-webm-vp8: 9c59270c3fd7afecdb556c50c9e8de78 -> 
  custom:audio-decoder-ogg-vorbis: bf7c407c2cedff20999df2af8eb42d56 -> 
  custom:audio-encoder-webm-vorbis: bf7c407c2cedff20999df2af8eb42d56 -> 
========================================================================
Received Prepare
Registering precompiled user dll's ...
Registered in 0.012902 seconds.
Begin MonoManager ReloadAssembly
Native extension for WindowsStandalone target not found
Refreshing native plugins compatible for Editor in 0.57 ms, found 3 plugins.
Preloading 0 native plugins for Editor in 0.00 ms.
Mono: successfully reloaded assembly
- Completed reload, in  1.535 seconds
Domain Reload Profiling:
	ReloadAssembly (1536ms)
		BeginReloadAssembly (197ms)
			ExecutionOrderSort (0ms)
			DisableScriptedObjects (8ms)
			BackupInstance (0ms)
			ReleaseScriptingObjects (0ms)
			CreateAndSetChildDomain (89ms)
		EndReloadAssembly (1253ms)
			LoadAssemblies (127ms)
			RebuildTransferFunctionScriptingTraits (0ms)
			SetupTypeCache (534ms)
			ReleaseScriptCaches (1ms)
			RebuildScriptCaches (56ms)
			SetupLoadedEditorAssemblies (414ms)
				LogAssemblyErrors (0ms)
				InitializePlatformSupportModulesInManaged (5ms)
				SetLoadedEditorAssemblies (0ms)
				RefreshPlugins (1ms)
				BeforeProcessingInitializeOnLoad (99ms)
				ProcessInitializeOnLoadAttributes (290ms)
				ProcessInitializeOnLoadMethodAttributes (13ms)
				AfterProcessingInitializeOnLoad (5ms)
				EditorAssembliesLoaded (0ms)
			ExecutionOrderSort2 (0ms)
			AwakeInstancesAfterBackupRestoration (10ms)
Platform modules already initialized, skipping
Refreshing native plugins compatible for Editor in 0.62 ms, found 3 plugins.
Preloading 0 native plugins for Editor in 0.00 ms.
Unloading 2304 Unused Serialized files (Serialized files now loaded: 0)
System memory in use before: 100.3 MB.
System memory in use after: 100.5 MB.

Unloading 41 unused Assets to reduce memory usage. Loaded Objects now: 2751.
Total: 4.575100 ms (FindLiveObjects: 0.197800 ms CreateObjectMapping: 0.243000 ms MarkObjects: 4.098200 ms  DeleteObjects: 0.034500 ms)

AssetImportParameters requested are different than current active one (requested -> active):
  custom:framework-win-MediaFoundation: 216162199b28c13a410421893ffa2e32 -> 
  custom:video-decoder-ogg-theora: a1e56fd34408186e4bbccfd4996cb3dc -> 
  custom:container-muxer-webm: aa71ff27fc2769a1b78a27578f13a17b -> 
  custom:container-demuxer-webm: 4f35f7cbe854078d1ac9338744f61a02 -> 
  custom:container-demuxer-ogg: 62fdf1f143b41e24485cea50d1cbac27 -> 
  custom:video-encoder-webm-vp8: eb34c28f22e8b96e1ab97ce403110664 -> 
  custom:video-codec-MediaFoundation-h265: 746d11721c4dcdbdad8f713fa42b33f4 -> 
  custom:video-decoder-webm-vp8: 9c59270c3fd7afecdb556c50c9e8de78 -> 
  custom:audio-decoder-ogg-vorbis: bf7c407c2cedff20999df2af8eb42d56 -> 
  custom:audio-encoder-webm-vorbis: bf7c407c2cedff20999df2af8eb42d56 -> 
========================================================================
Received Prepare
Refreshing native plugins compatible for Editor in 5.83 ms, found 3 plugins.
Preloading 0 native plugins for Editor in 0.00 ms.
Unloading 39 Unused Serialized files (Serialized files now loaded: 0)
System memory in use before: 55.6 MB.
System memory in use after: 55.8 MB.

Unloading 39 unused Assets to reduce memory usage. Loaded Objects now: 2751.
Total: 4.155400 ms (FindLiveObjects: 0.248000 ms CreateObjectMapping: 0.157000 ms MarkObjects: 3.711200 ms  DeleteObjects: 0.037900 ms)

AssetImportParameters requested are different than current active one (requested -> active):
  custom:framework-win-MediaFoundation: 216162199b28c13a410421893ffa2e32 -> 
  custom:video-decoder-ogg-theora: a1e56fd34408186e4bbccfd4996cb3dc -> 
  custom:container-muxer-webm: aa71ff27fc2769a1b78a27578f13a17b -> 
  custom:container-demuxer-webm: 4f35f7cbe854078d1ac9338744f61a02 -> 
  custom:container-demuxer-ogg: 62fdf1f143b41e24485cea50d1cbac27 -> 
  custom:video-encoder-webm-vp8: eb34c28f22e8b96e1ab97ce403110664 -> 
  custom:video-codec-MediaFoundation-h265: 746d11721c4dcdbdad8f713fa42b33f4 -> 
  custom:video-decoder-webm-vp8: 9c59270c3fd7afecdb556c50c9e8de78 -> 
  custom:audio-decoder-ogg-vorbis: bf7c407c2cedff20999df2af8eb42d56 -> 
  custom:audio-encoder-webm-vorbis: bf7c407c2cedff20999df2af8eb42d56 -> 
========================================================================
Received Prepare
Refreshing native plugins compatible for Editor in 6.96 ms, found 3 plugins.
Preloading 0 native plugins for Editor in 0.00 ms.
Unloading 39 Unused Serialized files (Serialized files now loaded: 0)
System memory in use before: 55.6 MB.
System memory in use after: 55.8 MB.

Unloading 39 unused Assets to reduce memory usage. Loaded Objects now: 2751.
Total: 3.819400 ms (FindLiveObjects: 0.186900 ms CreateObjectMapping: 0.119800 ms MarkObjects: 3.489000 ms  DeleteObjects: 0.022900 ms)

AssetImportParameters requested are different than current active one (requested -> active):
  custom:framework-win-MediaFoundation: 216162199b28c13a410421893ffa2e32 -> 
  custom:video-decoder-ogg-theora: a1e56fd34408186e4bbccfd4996cb3dc -> 
  custom:container-muxer-webm: aa71ff27fc2769a1b78a27578f13a17b -> 
  custom:container-demuxer-webm: 4f35f7cbe854078d1ac9338744f61a02 -> 
  custom:container-demuxer-ogg: 62fdf1f143b41e24485cea50d1cbac27 -> 
  custom:video-encoder-webm-vp8: eb34c28f22e8b96e1ab97ce403110664 -> 
  custom:video-codec-MediaFoundation-h265: 746d11721c4dcdbdad8f713fa42b33f4 -> 
  custom:video-decoder-webm-vp8: 9c59270c3fd7afecdb556c50c9e8de78 -> 
  custom:audio-decoder-ogg-vorbis: bf7c407c2cedff20999df2af8eb42d56 -> 
  custom:audio-encoder-webm-vorbis: bf7c407c2cedff20999df2af8eb42d56 -> 
